Looking for git in: git
Using git 2.26.2 from git
> git rev-parse --show-toplevel
> git rev-parse --git-dir
Open repository: /home/seol/Documents/workspace
> git status -z -u
> git symbolic-ref --short HEAD
> git rev-parse master
> git rev-parse --symbolic-full-name master@{u}
fatal: no upstream configured for branch 'master'
> git for-each-ref --format %(refname) %(objectname) --sort -committerdate
> git remote --verbose
> git config --get commit.template
> git show :about.html
> git ls-files --stage -- /home/seol/Documents/workspace/about.html
> git check-ignore -v -z --stdin
> git status -z -u
> git symbolic-ref --short HEAD
> git rev-parse master
> git rev-parse --symbolic-full-name master@{u}
fatal: no upstream configured for branch 'master'
> git for-each-ref --format %(refname) %(objectname) --sort -committerdate
> git remote --verbose
> git config --get commit.template
> git show :index.html
> git ls-files --stage -- /home/seol/Documents/workspace/index.html
> git cat-file -s 4c50b7c17589ad0b34ee70ae10652df58c31bc8f
> git status -z -u
> git symbolic-ref --short HEAD
> git rev-parse master
> git rev-parse --symbolic-full-name master@{u}
fatal: no upstream configured for branch 'master'
> git for-each-ref --format %(refname) %(objectname) --sort -committerdate
> git remote --verbose
> git config --get commit.template
> git show :about.html
> git ls-files --stage -- /home/seol/Documents/workspace/about.html
> git status -z -u
> git symbolic-ref --short HEAD
> git rev-parse master
> git rev-parse --symbolic-full-name master@{u}
fatal: no upstream configured for branch 'master'
> git for-each-ref --format %(refname) %(objectname) --sort -committerdate
> git remote --verbose
> git config --get commit.template
> git status -z -u
> git symbolic-ref --short HEAD
> git rev-parse master
> git rev-parse --symbolic-full-name master@{u}
fatal: no upstream configured for branch 'master'
> git for-each-ref --format %(refname) %(objectname) --sort -committerdate
> git remote --verbose
> git config --get commit.template
> git status -z -u
> git symbolic-ref --short HEAD
> git rev-parse master
> git rev-parse --symbolic-full-name master@{u}
fatal: no upstream configured for branch 'master'
> git for-each-ref --format %(refname) %(objectname) --sort -committerdate
> git remote --verbose
> git config --get commit.template
> git show :index.html
> git ls-files --stage -- /home/seol/Documents/workspace/index.html
> git cat-file -s 4c50b7c17589ad0b34ee70ae10652df58c31bc8f
> git status -z -u
> git symbolic-ref --short HEAD
> git rev-parse master
> git rev-parse --symbolic-full-name master@{u}
fatal: no upstream configured for branch 'master'
> git for-each-ref --format %(refname) %(objectname) --sort -committerdate
> git remote --verbose
> git config --get commit.template
> git show HEAD:about.html
> git ls-tree -l HEAD -- /home/seol/Documents/workspace/about.html
> git show HEAD:Scripts/app.js
> git ls-tree -l HEAD -- /home/seol/Documents/workspace/Scripts/app.js
> git show HEAD:index.html
> git ls-tree -l HEAD -- /home/seol/Documents/workspace/index.html
> git log --format=%H%n%aN%n%aE%n%at%n%ct%n%P%n%B -z -n21 -- /home/seol/Documents/workspace/index.html
> git ls-tree -l HEAD -- /home/seol/Documents/workspace/index.html
> git status -z -u
> git ls-tree -l HEAD -- /home/seol/Documents/workspace/Scripts/app.js
> git ls-tree -l HEAD -- /home/seol/Documents/workspace/index.html
> git show HEAD:index.html
> git symbolic-ref --short HEAD
> git show HEAD:Scripts/app.js
> git rev-parse master
> git rev-parse --symbolic-full-name master@{u}
> git show HEAD:index.html
fatal: no upstream configured for branch 'master'
> git for-each-ref --format %(refname) %(objectname) --sort -committerdate
> git remote --verbose
> git config --get commit.template
> git status -z -u
> git symbolic-ref --short HEAD
> git rev-parse master
> git rev-parse --symbolic-full-name master@{u}
fatal: no upstream configured for branch 'master'
> git for-each-ref --format %(refname) %(objectname) --sort -committerdate
> git remote --verbose
> git config --get commit.template
> git ls-tree -l HEAD -- /home/seol/Documents/workspace/Scripts/app.js
> git show :index.html
> git ls-files --stage -- /home/seol/Documents/workspace/index.html
> git cat-file -s f92423b2478be055a3ef0c3df34d10ce85808a56
> git check-ignore -v -z --stdin
> git status -z -u
> git show :garbage.html
> git ls-files --stage -- /home/seol/Documents/workspace/garbage.html
> git symbolic-ref --short HEAD
> git rev-parse master
> git rev-parse --symbolic-full-name master@{u}
fatal: no upstream configured for branch 'master'
> git for-each-ref --format %(refname) %(objectname) --sort -committerdate
> git remote --verbose
> git config --get commit.template
> git log --format=%H%n%aN%n%aE%n%at%n%ct%n%P%n%B -z -n21 -- /home/seol/Documents/workspace/garbage.html
> git show :index.html
> git ls-files --stage -- /home/seol/Documents/workspace/index.html
> git cat-file -s f92423b2478be055a3ef0c3df34d10ce85808a56
> git status -z -u
> git symbolic-ref --short HEAD
> git rev-parse master
> git rev-parse --symbolic-full-name master@{u}
fatal: no upstream configured for branch 'master'
> git for-each-ref --format %(refname) %(objectname) --sort -committerdate
> git remote --verbose
> git config --get commit.template
> git status -z -u
> git symbolic-ref --short HEAD
> git rev-parse master
> git rev-parse --symbolic-full-name master@{u}
fatal: no upstream configured for branch 'master'
> git for-each-ref --format %(refname) %(objectname) --sort -committerdate
> git remote --verbose
> git config --get commit.template
> git check-ignore -v -z --stdin
> git check-ignore -v -z --stdin
> git status -z -u
> git symbolic-ref --short HEAD
> git rev-parse master
> git rev-parse --symbolic-full-name master@{u}
fatal: no upstream configured for branch 'master'
> git for-each-ref --format %(refname) %(objectname) --sort -committerdate
> git remote --verbose
> git config --get commit.template
> git show :data.txt
> git ls-files --stage -- /home/seol/Documents/workspace/data.txt
